<?xml version="1.0" encoding="UTF-8"?>
<!-- Generated by org.testng.reporters.JUnitReportReporter -->
<testsuite skipped="0" hostname="feyzullahs-MacBook-Pro.local" name="com.cybertek.sortTest" tests="5" failures="0" timestamp="03 Jul 2018 04:25:42 GMT" time="4.581" errors="0">
  <testcase name="checkRankTC1" time="0.792" classname="com.cybertek.sortTest"/>
  <testcase name="theMostTC2" time="2.037" classname="com.cybertek.sortTest"/>
  <testcase name="countryByMedalTC3" time="0.581" classname="com.cybertek.sortTest"/>
  <testcase name="getIndex" time="0.391" classname="com.cybertek.sortTest"/>
  <testcase name="getSumTC5" time="0.780" classname="com.cybertek.sortTest"/>
</testsuite> <!-- com.cybertek.sortTest -->
